0 info it worked if it ends with ok
1 verbose cli [ 'C:\\Program Files\\nodejs\\node.exe',
1 verbose cli   'C:\\Program Files\\nodejs\\node_modules\\npm\\bin\\npm-cli.js',
1 verbose cli   'start' ]
2 info using npm@3.10.10
3 info using node@v7.2.1
4 verbose run-script [ 'prestart', 'start', 'poststart' ]
5 info lifecycle angular2_demo@1.0.0~prestart: angular2_demo@1.0.0
6 silly lifecycle angular2_demo@1.0.0~prestart: no script for prestart, continuing
7 info lifecycle angular2_demo@1.0.0~start: angular2_demo@1.0.0
8 verbose lifecycle angular2_demo@1.0.0~start: unsafe-perm in lifecycle true
9 verbose lifecycle angular2_demo@1.0.0~start: PATH: C:\Program Files\nodejs\node_modules\npm\bin\node-gyp-bin;d:\CholaLeap\SalesHehl_V2.0\QnS\A2\node_modules\.bin;C:\Ruby200\bin;C:\ImageMagick-6.7.6;C:\Windows\system32;C:\Windows;C:\Windows\System32\Wbem;C:\Windows\System32\WindowsPowerShell\v1.0\;C:\apache-ant-1.8.2\bin;C:\android-sdk-windows\tools;C:\android-sdk-windows\platform-tools;C:\Program Files\Java\jdk1.6.0_24\bin;C:\Program Files\Java\jre7\bin;C:\Program Files\Notepad++\;C:\Program Files\TortoiseSVN\bin;C:\Program Files\Brackets\command;C:\Program Files\nodejs\;C:\Program Files\MongoDB\Server\3.0\bin;C:\Program Files\Git\bin;;C:\Program Files\Microsoft VS Code\bin;C:\Users\403912\AppData\Roaming\npm
10 verbose lifecycle angular2_demo@1.0.0~start: CWD: d:\CholaLeap\SalesHehl_V2.0\QnS\A2
11 silly lifecycle angular2_demo@1.0.0~start: Args: [ '/d /s /c',
11 silly lifecycle   'tsc && concurrently "npm run html" "npm run css" "npm run js" "npm run tsc" ' ]
12 silly lifecycle angular2_demo@1.0.0~start: Returned: code: 1  signal: null
13 info lifecycle angular2_demo@1.0.0~start: Failed to exec start script
14 verbose stack Error: angular2_demo@1.0.0 start: `tsc && concurrently "npm run html" "npm run css" "npm run js" "npm run tsc" `
14 verbose stack Exit status 1
14 verbose stack     at EventEmitter.<anonymous> (C:\Program Files\nodejs\node_modules\npm\lib\utils\lifecycle.js:255:16)
14 verbose stack     at emitTwo (events.js:106:13)
14 verbose stack     at EventEmitter.emit (events.js:191:7)
14 verbose stack     at ChildProcess.<anonymous> (C:\Program Files\nodejs\node_modules\npm\lib\utils\spawn.js:40:14)
14 verbose stack     at emitTwo (events.js:106:13)
14 verbose stack     at ChildProcess.emit (events.js:191:7)
14 verbose stack     at maybeClose (internal/child_process.js:885:16)
14 verbose stack     at Process.ChildProcess._handle.onexit (internal/child_process.js:226:5)
15 verbose pkgid angular2_demo@1.0.0
16 verbose cwd d:\CholaLeap\SalesHehl_V2.0\QnS\A2
17 error Windows_NT 6.1.7601
18 error argv "C:\\Program Files\\nodejs\\node.exe" "C:\\Program Files\\nodejs\\node_modules\\npm\\bin\\npm-cli.js" "start"
19 error node v7.2.1
20 error npm  v3.10.10
21 error code ELIFECYCLE
22 error angular2_demo@1.0.0 start: `tsc && concurrently "npm run html" "npm run css" "npm run js" "npm run tsc" `
22 error Exit status 1
23 error Failed at the angular2_demo@1.0.0 start script 'tsc && concurrently "npm run html" "npm run css" "npm run js" "npm run tsc" '.
23 error Make sure you have the latest version of node.js and npm installed.
23 error If you do, this is most likely a problem with the angular2_demo package,
23 error not with npm itself.
23 error Tell the author that this fails on your system:
23 error     tsc && concurrently "npm run html" "npm run css" "npm run js" "npm run tsc"
23 error You can get information on how to open an issue for this project with:
23 error     npm bugs angular2_demo
23 error Or if that isn't available, you can get their info via:
23 error     npm owner ls angular2_demo
23 error There is likely additional logging output above.
24 verbose exit [ 1, true ]
